<?xml version="1.0" encoding="UTF-8"?>
<!-- Generated by org.testng.reporters.JUnitXMLReporter -->
<testsuite ignored="0" hostname="pc-PC" failures="0" tests="4" name="EndToEndTest" time="105.574" errors="0" timestamp="2022-11-30T11:39:41 CET">
  <testcase classname="com.OrangeHrm.tests.LoginTest" name="verifyLoginPageTitle" time="0.949"/>
  <testcase classname="com.OrangeHrm.tests.LoginTest" name="testLoginPage" time="0.767"/>
  <testcase classname="com.OrangeHrm.tests.PIMTest" name="addemployeeTest" time="12.754"/>
  <testcase classname="com.OrangeHrm.tests.PIMTest" name="deleteEmployee" time="9.297"/>
</testsuite> <!-- EndToEndTest -->
