<?xml version="1.0" encoding="UTF-8"?>
<!-- Generated by org.testng.reporters.JUnitXMLReporter -->
<testsuite ignored="0" hostname="pc-PC" failures="0" tests="2" name="Default test" time="42.111" errors="0" timestamp="2022-11-30T11:12:48 CET">
  <testcase classname="com.OrangeHrm.tests.BaseTest" name="@BeforeClass setup" time="41.084">
    <failure type="org.openqa.selenium.WebDriverException" message="disconnected: received Inspector.detached event
  (failed to check if window was closed: disconnected: unable to connect to renderer)
  (Session info: MicrosoftEdge=107.0.1418.56)
Build info: version: &amp;apos;3.141.59&amp;apos;, revision: &amp;apos;e82be7d358&amp;apos;, time: &amp;apos;2018-11-14T08:17:03&amp;apos;
System info: host: &amp;apos;PC-PC&amp;apos;, ip: &amp;apos;192.168.1.13&amp;apos;, os.name: &amp;apos;Windows 7&amp;apos;, os.arch: &amp;apos;amd64&amp;apos;, os.version: &amp;apos;6.1&amp;apos;, java.version: &amp;apos;17.0.3&amp;apos;
Driver info: driver.version: EdgeDriver
remote stacktrace: Backtrace:
	Microsoft::Applications::Events::EventProperties::SetProperty [0x0000000140138552+9986]
	Microsoft::Applications::Events::EventProperty::EventProperty [0x00000001400D5D82+1445234]
	Ordinal0 [0x000000013FCBFC8C+654476]
	Ordinal0 [0x000000013FCACA10+576016]
	Ordinal0 [0x000000013FCAC23A+574010]
	Ordinal0 [0x000000013FCAB167+569703]
	Ordinal0 [0x000000013FCAAF68+569192]
	Ordinal0 [0x000000013FCA9CDD+564445]
	Ordinal0 [0x000000013FCAA0EC+565484]
	Ordinal0 [0x000000013FCA9676+562806]
	Ordinal0 [0x000000013FCB6D2B+617771]
	Ordinal0 [0x000000013FCA9624+562724]
	Ordinal0 [0x000000013FCAABF8+568312]
	Ordinal0 [0x000000013FCA9CDD+564445]
	Ordinal0 [0x000000013FCAA0EC+565484]
	Ordinal0 [0x000000013FCA9676+562806]
	Ordinal0 [0x000000013FCB3912+604434]
	Ordinal0 [0x000000013FCA9624+562724]
	Ordinal0 [0x000000013FCAABF8+568312]
	Ordinal0 [0x000000013FCA9CDD+564445]
	Ordinal0 [0x000000013FCAA0EC+565484]
	Ordinal0 [0x000000013FCA9676+562806]
	Ordinal0 [0x000000013FCB0B40+592704]
	Ordinal0 [0x000000013FCA9624+562724]
	Ordinal0 [0x000000013FCAABF8+568312]
	Ordinal0 [0x000000013FCA9CDD+564445]
	Ordinal0 [0x000000013FCAA0EC+565484]
	Ordinal0 [0x000000013FCA9676+562806]
	Ordinal0 [0x000000013FCA296E+534894]
	Ordinal0 [0x000000013FCA9624+562724]
	Ordinal0 [0x000000013FCA8AAF+559791]
	Ordinal0 [0x000000013FCA873C+558908]
	Ordinal0 [0x000000013FCC12CD+660173]
	Ordinal0 [0x000000013FC9A62A+501290]
	Ordinal0 [0x000000013FC9918F+496015]
	Ordinal0 [0x000000013FD2B976+1096054]
	Ordinal0 [0x000000013FD2AB48+1092424]
	Ordinal0 [0x000000013FD239B3+1063347]
	Ordinal0 [0x000000013FCF506A+872554]
	Ordinal0 [0x000000013FCF402E+868398]
	Ordinal0 [0x000000013FCF570F+874255]
	Microsoft::Applications::Events::EventProperty::EventProperty [0x000000013FF96108+135416]
	Microsoft::Applications::Events::EventProperty::EventProperty [0x000000013FF802CF+45759]
	Microsoft::Applications::Events::EventProperty::EventProperty [0x000000013FF8374C+59196]
	Ordinal0 [0x000000013FDCB1F4+1749492]
	Microsoft::Applications::Events::EventProperty::EventProperty [0x00000001400DB67A+1468010]
	Microsoft::Applications::Events::EventProperty::EventProperty [0x00000001400DFF14+1486596]
	Microsoft::Applications::Events::EventProperty::EventProperty [0x00000001400E006D+1486941]
	Microsoft::Applications::Events::EventProperty::EventProperty [0x00000001400E7E2B+1519131]
	BaseThreadInitThunk [0x0000000077425A4D+13]
	RtlUserThreadStart [0x000000007755B831+33]
">
      <![CDATA[org.openqa.selenium.WebDriverException: disconnected: received Inspector.detached event
  (failed to check if window was closed: disconnected: unable to connect to renderer)
  (Session info: MicrosoftEdge=107.0.1418.56)
Build info: version: '3.141.59', revision: 'e82be7d358', time: '2018-11-14T08:17:03'
System info: host: 'PC-PC', ip: '192.168.1.13', os.name: 'Windows 7', os.arch: 'amd64', os.version: '6.1', java.version: '17.0.3'
Driver info: driver.version: EdgeDriver
remote stacktrace: Backtrace:
Microsoft::Applications::Events::EventProperties::SetProperty [0x0000000140138552+9986]
Microsoft::Applications::Events::EventProperty::EventProperty [0x00000001400D5D82+1445234]
Ordinal0 [0x000000013FCBFC8C+654476]
Ordinal0 [0x000000013FCACA10+576016]
Ordinal0 [0x000000013FCAC23A+574010]
Ordinal0 [0x000000013FCAB167+569703]
Ordinal0 [0x000000013FCAAF68+569192]
Ordinal0 [0x000000013FCA9CDD+564445]
Ordinal0 [0x000000013FCAA0EC+565484]
Ordinal0 [0x000000013FCA9676+562806]
Ordinal0 [0x000000013FCB6D2B+617771]
Ordinal0 [0x000000013FCA9624+562724]
Ordinal0 [0x000000013FCAABF8+568312]
Ordinal0 [0x000000013FCA9CDD+564445]
Ordinal0 [0x000000013FCAA0EC+565484]
Ordinal0 [0x000000013FCA9676+562806]
Ordinal0 [0x000000013FCB3912+604434]
Ordinal0 [0x000000013FCA9624+562724]
Ordinal0 [0x000000013FCAABF8+568312]
Ordinal0 [0x000000013FCA9CDD+564445]
Ordinal0 [0x000000013FCAA0EC+565484]
Ordinal0 [0x000000013FCA9676+562806]
Ordinal0 [0x000000013FCB0B40+592704]
Ordinal0 [0x000000013FCA9624+562724]
Ordinal0 [0x000000013FCAABF8+568312]
Ordinal0 [0x000000013FCA9CDD+564445]
Ordinal0 [0x000000013FCAA0EC+565484]
Ordinal0 [0x000000013FCA9676+562806]
Ordinal0 [0x000000013FCA296E+534894]
Ordinal0 [0x000000013FCA9624+562724]
Ordinal0 [0x000000013FCA8AAF+559791]
Ordinal0 [0x000000013FCA873C+558908]
Ordinal0 [0x000000013FCC12CD+660173]
Ordinal0 [0x000000013FC9A62A+501290]
Ordinal0 [0x000000013FC9918F+496015]
Ordinal0 [0x000000013FD2B976+1096054]
Ordinal0 [0x000000013FD2AB48+1092424]
Ordinal0 [0x000000013FD239B3+1063347]
Ordinal0 [0x000000013FCF506A+872554]
Ordinal0 [0x000000013FCF402E+868398]
Ordinal0 [0x000000013FCF570F+874255]
Microsoft::Applications::Events::EventProperty::EventProperty [0x000000013FF96108+135416]
Microsoft::Applications::Events::EventProperty::EventProperty [0x000000013FF802CF+45759]
Microsoft::Applications::Events::EventProperty::EventProperty [0x000000013FF8374C+59196]
Ordinal0 [0x000000013FDCB1F4+1749492]
Microsoft::Applications::Events::EventProperty::EventProperty [0x00000001400DB67A+1468010]
Microsoft::Applications::Events::EventProperty::EventProperty [0x00000001400DFF14+1486596]
Microsoft::Applications::Events::EventProperty::EventProperty [0x00000001400E006D+1486941]
Microsoft::Applications::Events::EventProperty::EventProperty [0x00000001400E7E2B+1519131]
BaseThreadInitThunk [0x0000000077425A4D+13]
RtlUserThreadStart [0x000000007755B831+33]

at java.base/jdk.internal.reflect.NativeConstructorAccessorImpl.newInstance0(Native Method)
at java.base/jdk.internal.reflect.NativeConstructorAccessorImpl.newInstance(NativeConstructorAccessorImpl.java:77)
at java.base/jdk.internal.reflect.DelegatingConstructorAccessorImpl.newInstance(DelegatingConstructorAccessorImpl.java:45)
at java.base/java.lang.reflect.Constructor.newInstanceWithCaller(Constructor.java:499)
at java.base/java.lang.reflect.Constructor.newInstance(Constructor.java:480)
at org.openqa.selenium.remote.W3CHandshakeResponse.lambda$errorHandler$0(W3CHandshakeResponse.java:62)
at org.openqa.selenium.remote.HandshakeResponse.lambda$getResponseFunction$0(HandshakeResponse.java:30)
at org.openqa.selenium.remote.ProtocolHandshake.lambda$createSession$0(ProtocolHandshake.java:126)
at java.base/java.util.stream.ReferencePipeline$3$1.accept(ReferencePipeline.java:197)
at java.base/java.util.Spliterators$ArraySpliterator.tryAdvance(Spliterators.java:1002)
at java.base/java.util.stream.ReferencePipeline.forEachWithCancel(ReferencePipeline.java:129)
at java.base/java.util.stream.AbstractPipeline.copyIntoWithCancel(AbstractPipeline.java:527)
at java.base/java.util.stream.AbstractPipeline.copyInto(AbstractPipeline.java:513)
at java.base/java.util.stream.AbstractPipeline.wrapAndCopyInto(AbstractPipeline.java:499)
at java.base/java.util.stream.FindOps$FindOp.evaluateSequential(FindOps.java:150)
at java.base/java.util.stream.AbstractPipeline.evaluate(AbstractPipeline.java:234)
at java.base/java.util.stream.ReferencePipeline.findFirst(ReferencePipeline.java:647)
at org.openqa.selenium.remote.ProtocolHandshake.createSession(ProtocolHandshake.java:128)
at org.openqa.selenium.remote.ProtocolHandshake.createSession(ProtocolHandshake.java:74)
at org.openqa.selenium.remote.HttpCommandExecutor.execute(HttpCommandExecutor.java:136)
at org.openqa.selenium.remote.service.DriverCommandExecutor.execute(DriverCommandExecutor.java:83)
at org.openqa.selenium.remote.RemoteWebDriver.execute(RemoteWebDriver.java:552)
at org.openqa.selenium.remote.RemoteWebDriver.startSession(RemoteWebDriver.java:213)
at org.openqa.selenium.remote.RemoteWebDriver.<init>(RemoteWebDriver.java:131)
at org.openqa.selenium.edge.EdgeDriver.<init>(EdgeDriver.java:141)
at org.openqa.selenium.edge.EdgeDriver.<init>(EdgeDriver.java:96)
at com.OrangeHrm.tests.BaseTest.setup(BaseTest.java:40)
at java.base/jdk.internal.reflect.NativeMethodAccessorImpl.invoke0(Native Method)
at java.base/jdk.internal.reflect.NativeMethodAccessorImpl.invoke(NativeMethodAccessorImpl.java:77)
at java.base/jdk.internal.reflect.DelegatingMethodAccessorImpl.invoke(DelegatingMethodAccessorImpl.java:43)
at java.base/java.lang.reflect.Method.invoke(Method.java:568)
at org.testng.internal.invokers.MethodInvocationHelper.invokeMethod(MethodInvocationHelper.java:135)
at org.testng.internal.invokers.MethodInvocationHelper.invokeMethodConsideringTimeout(MethodInvocationHelper.java:65)
at org.testng.internal.invokers.ConfigInvoker.invokeConfigurationMethod(ConfigInvoker.java:381)
at org.testng.internal.invokers.ConfigInvoker.invokeConfigurations(ConfigInvoker.java:319)
at org.testng.internal.invokers.TestMethodWorker.invokeBeforeClassMethods(TestMethodWorker.java:178)
at org.testng.internal.invokers.TestMethodWorker.run(TestMethodWorker.java:122)
at java.base/java.util.ArrayList.forEach(ArrayList.java:1511)
at org.testng.TestRunner.privateRun(TestRunner.java:808)
at org.testng.TestRunner.run(TestRunner.java:603)
at org.testng.SuiteRunner.runTest(SuiteRunner.java:429)
at org.testng.SuiteRunner.runSequentially(SuiteRunner.java:423)
at org.testng.SuiteRunner.privateRun(SuiteRunner.java:383)
at org.testng.SuiteRunner.run(SuiteRunner.java:326)
at org.testng.SuiteRunnerWorker.runSuite(SuiteRunnerWorker.java:52)
at org.testng.SuiteRunnerWorker.run(SuiteRunnerWorker.java:95)
at org.testng.TestNG.runSuitesSequentially(TestNG.java:1249)
at org.testng.TestNG.runSuitesLocally(TestNG.java:1169)
at org.testng.TestNG.runSuites(TestNG.java:1092)
at org.testng.TestNG.run(TestNG.java:1060)
at org.testng.remote.AbstractRemoteTestNG.run(AbstractRemoteTestNG.java:115)
at org.testng.remote.RemoteTestNG.initAndRun(RemoteTestNG.java:251)
at org.testng.remote.RemoteTestNG.main(RemoteTestNG.java:77)
]]>
    </failure>
  </testcase> <!-- @BeforeClass setup -->
  <testcase classname="com.OrangeHrm.tests.PIMTest" name="@BeforeClass loadlogin" time="0.0">
    <skipped/>
  </testcase> <!-- @BeforeClass loadlogin -->
  <testcase classname="com.OrangeHrm.tests.PIMTest" name="@AfterClass close" time="0.0">
    <skipped/>
  </testcase> <!-- @AfterClass close -->
  <testcase classname="com.OrangeHrm.tests.BaseTest" name="@AfterClass tearDonw" time="0.0">
    <skipped/>
  </testcase> <!-- @AfterClass tearDonw -->
  <testcase classname="com.OrangeHrm.tests.PIMTest" name="addemployeeTest" time="0.0">
    <skipped/>
  </testcase> <!-- addemployeeTest -->
  <testcase classname="com.OrangeHrm.tests.PIMTest" name="deleteEmployee" time="0.0">
    <skipped/>
  </testcase> <!-- deleteEmployee -->
</testsuite> <!-- Default test -->
